<?xml version="1.0" encoding="UTF-8"?>
<!-- Generated by org.testng.reporters.JUnitReportReporter -->
<testsuite hostname="HP-PC" failures="0" tests="3" name="com.test.GoogleTest" time="30.437" errors="0" timestamp="2021-04-18T22:50:32 IST" skipped="0">
  <testcase classname="com.test.GoogleTest" name="mailLinkTest" time="9.782"/>
  <system-out/>
  <testcase classname="com.test.GoogleTest" name="googleTitleTest" time="10.439"/>
  <system-out/>
  <testcase classname="com.test.GoogleTest" name="googleLogoTest" time="10.216"/>
  <system-out/>
</testsuite> <!-- com.test.GoogleTest -->
