<?xml version="1.0" encoding="UTF-8"?>
<!-- Generated by org.testng.reporters.JUnitReportReporter -->
<testsuite hostname="HP-PC" failures="0" tests="1" name="com.parameterTest.ParamenterTestDemo" time="17.283" errors="0" timestamp="2021-04-19T11:45:17 IST" skipped="0">
  <testcase classname="com.parameterTest.ParamenterTestDemo" name="FacebookLoginTest" time="17.283"/>
  <system-out/>
</testsuite> <!-- com.parameterTest.ParamenterTestDemo -->
