<?xml version="1.0" encoding="UTF-8"?>
<!-- Generated by org.testng.reporters.JUnitReportReporter -->
<testsuite hostname="HP-PC" failures="0" tests="1" name="com.KatalonPluginDemo.FreeCRMLoginTest" time="13.660" errors="0" timestamp="2021-04-20T18:22:09 IST" skipped="0">
  <testcase classname="com.KatalonPluginDemo.FreeCRMLoginTest" name="testFreeCRMLogin" time="13.660"/>
  <system-out/>
</testsuite> <!-- com.KatalonPluginDemo.FreeCRMLoginTest -->
