<?xml version="1.0" encoding="UTF-8"?>
<!-- Generated by org.testng.reporters.JUnitReportReporter -->
<testsuite hostname="HP-PC" failures="0" tests="3" name="com.test.TestNgBasics" time="0.012" errors="0" timestamp="2021-04-18T22:50:32 IST" skipped="0">
  <testcase classname="com.test.TestNgBasics" name="look" time="0.007"/>
  <system-out/>
  <testcase classname="com.test.TestNgBasics" name="find" time="0.003"/>
  <system-out/>
  <testcase classname="com.test.TestNgBasics" name="Search" time="0.002"/>
  <system-out/>
</testsuite> <!-- com.test.TestNgBasics -->
