<?xml version="1.0" encoding="UTF-8"?>
<!-- Generated by org.testng.reporters.JUnitReportReporter -->
<testsuite hostname="HP-PC" failures="0" tests="1" name="com.test.AssertionDemo" time="13.461" errors="0" timestamp="2021-04-18T22:50:32 IST" skipped="0">
  <testcase classname="com.test.AssertionDemo" name="googleTitleTest" time="13.461"/>
  <system-out/>
</testsuite> <!-- com.test.AssertionDemo -->
